TN:
SF:C:/git/qliktive-authentication-service/src/authentication-service.js
FN:10,initiate
FN:31,validStrategy
FN:42,(anonymous_2)
FN:48,(anonymous_3)
FN:54,(anonymous_4)
FN:60,(anonymous_5)
FN:67,(anonymous_6)
FN:71,(anonymous_7)
FN:78,(anonymous_9)
FN:79,(anonymous_10)
FN:90,(anonymous_11)
FN:98,(anonymous_12)
FN:113,(anonymous_13)
FN:116,(anonymous_14)
FN:117,(anonymous_15)
FN:133,(anonymous_16)
FN:137,(anonymous_17)
FNF:17
FNH:17
FNDA:1,initiate
FNDA:19,validStrategy
FNDA:1,(anonymous_2)
FNDA:4,(anonymous_3)
FNDA:3,(anonymous_4)
FNDA:5,(anonymous_5)
FNDA:7,(anonymous_6)
FNDA:5,(anonymous_7)
FNDA:4,(anonymous_9)
FNDA:4,(anonymous_10)
FNDA:3,(anonymous_11)
FNDA:1,(anonymous_12)
FNDA:3,(anonymous_13)
FNDA:3,(anonymous_14)
FNDA:3,(anonymous_15)
FNDA:2,(anonymous_16)
FNDA:1,(anonymous_17)
DA:1,1
DA:2,1
DA:3,1
DA:5,1
DA:6,1
DA:8,1
DA:11,1
DA:12,1
DA:13,1
DA:16,1
DA:21,1
DA:32,19
DA:35,1
DA:36,1
DA:37,1
DA:40,1
DA:42,1
DA:44,1
DA:45,1
DA:48,1
DA:49,4
DA:50,3
DA:54,1
DA:55,3
DA:56,2
DA:60,1
DA:61,5
DA:62,4
DA:64,1
DA:67,1
DA:70,7
DA:71,6
DA:72,5
DA:73,4
DA:75,4
DA:76,4
DA:78,4
DA:79,4
DA:80,4
DA:81,3
DA:82,3
DA:84,1
DA:90,4
DA:91,3
DA:97,3
DA:99,1
DA:100,1
DA:101,1
DA:105,1
DA:106,1
DA:110,1
DA:113,1
DA:114,3
DA:116,3
DA:117,3
DA:118,3
DA:119,2
DA:120,1
DA:121,1
DA:123,1
DA:124,1
DA:128,1
DA:133,3
DA:134,2
DA:135,2
DA:136,2
DA:138,1
DA:139,1
DA:143,1
DA:147,1
DA:150,1
LF:71
LH:71
BRDA:17,0,0,1
BRDA:17,0,1,1
BRDA:18,1,0,1
BRDA:18,1,1,1
BRDA:49,2,0,3
BRDA:49,2,1,1
BRDA:55,3,0,2
BRDA:55,3,1,1
BRDA:61,4,0,4
BRDA:61,4,1,1
BRDA:70,5,0,6
BRDA:70,5,1,1
BRDA:72,6,0,4
BRDA:72,6,1,1
BRDA:80,7,0,3
BRDA:80,7,1,1
BRDA:118,8,0,2
BRDA:118,8,1,1
BRDA:119,9,0,1
BRDA:119,9,1,1
BRF:20
BRH:20
end_of_record
TN:
SF:C:/git/qliktive-authentication-service/src/github-passport-strategy.js
FN:4,approvedMember
FN:7,(anonymous_1)
FN:16,githubPassportStrategy
FN:22,(anonymous_3)
FN:25,getScope
FNF:5
FNH:5
FNDA:2,approvedMember
FNDA:2,(anonymous_1)
FNDA:1,githubPassportStrategy
FNDA:2,(anonymous_3)
FNDA:1,getScope
DA:1,1
DA:2,1
DA:5,2
DA:7,2
DA:8,2
DA:9,1
DA:12,1
DA:17,1
DA:26,1
DA:29,1
LF:10
LH:10
BRDA:8,0,0,1
BRDA:8,0,1,1
BRDA:8,1,0,2
BRDA:8,1,1,1
BRF:4
BRH:4
end_of_record
TN:
SF:C:/git/qliktive-authentication-service/src/jwt.js
FN:7,getJWT
FNF:1
FNH:1
FNDA:8,getJWT
DA:1,1
DA:3,1
DA:8,8
DA:12,8
DA:14,8
DA:17,1
LF:6
LH:6
BRF:0
BRH:0
end_of_record
TN:
SF:C:/git/qliktive-authentication-service/src/logger/logger.js
FN:11,get
FNF:1
FNH:1
FNDA:1,get
DA:1,1
DA:12,1
DA:13,1
DA:25,1
DA:29,1
LF:5
LH:5
BRDA:12,0,0,1
BRDA:12,0,1,0
BRDA:19,1,0,1
BRDA:19,1,1,1
BRF:4
BRH:3
end_of_record
